/home/lran0009/.conda/envs/dlResearch/lib/python3.7/site-packages/scipy/stats/_multivariate.py:664: RuntimeWarning: covariance is not positive-semidefinite.
  out = random_state.multivariate_normal(mean, cov, size)
[Parallel(n_jobs=-1)]: Using backend LokyBackend with 24 concurrent workers.
[Parallel(n_jobs=-1)]: Done   2 tasks      | elapsed:    2.8s
[Parallel(n_jobs=-1)]: Done 120 out of 120 | elapsed:    3.0s finished
[Parallel(n_jobs=-1)]: Using backend LokyBackend with 24 concurrent workers.
[Parallel(n_jobs=-1)]: Done   2 tasks      | elapsed:    0.1s
[Parallel(n_jobs=-1)]: Done 368 tasks      | elapsed:    1.2s
[Parallel(n_jobs=-1)]: Done 1098 tasks      | elapsed:    8.6s
[Parallel(n_jobs=-1)]: Done 1535 tasks      | elapsed:   12.9s
[Parallel(n_jobs=-1)]: Done 2594 tasks      | elapsed:   25.2s
[Parallel(n_jobs=-1)]: Done 3696 tasks      | elapsed:   37.1s
[Parallel(n_jobs=-1)]: Done 4889 tasks      | elapsed:   53.1s
[Parallel(n_jobs=-1)]: Done 6122 tasks      | elapsed:  1.2min
[Parallel(n_jobs=-1)]: Done 7449 tasks      | elapsed:  1.6min
[Parallel(n_jobs=-1)]: Done 8813 tasks      | elapsed:  2.3min
[Parallel(n_jobs=-1)]: Done 10058 tasks      | elapsed:  3.9min
[Parallel(n_jobs=-1)]: Done 11400 tasks      | elapsed:  6.9min
[Parallel(n_jobs=-1)]: Done 12818 tasks      | elapsed: 11.2min
[Parallel(n_jobs=-1)]: Done 14168 tasks      | elapsed: 14.4min
[Parallel(n_jobs=-1)]: Done 15882 tasks      | elapsed: 17.2min
[Parallel(n_jobs=-1)]: Done 17432 tasks      | elapsed: 17.8min
[Parallel(n_jobs=-1)]: Done 19634 tasks      | elapsed: 18.4min
[Parallel(n_jobs=-1)]: Done 23544 tasks      | elapsed: 19.2min
[Parallel(n_jobs=-1)]: Done 27698 tasks      | elapsed: 20.0min
[Parallel(n_jobs=-1)]: Done 31680 out of 31680 | elapsed: 21.2min finished
