[Parallel(n_jobs=-1)]: Using backend LokyBackend with 24 concurrent workers.
[Parallel(n_jobs=-1)]: Done   2 tasks      | elapsed:    2.2s
[Parallel(n_jobs=-1)]: Done 120 out of 120 | elapsed:    2.4s finished
[Parallel(n_jobs=-1)]: Using backend LokyBackend with 24 concurrent workers.
[Parallel(n_jobs=-1)]: Done   2 tasks      | elapsed:    0.1s
[Parallel(n_jobs=-1)]: Done 368 tasks      | elapsed:    1.0s
[Parallel(n_jobs=-1)]: Done 1098 tasks      | elapsed:    8.7s
[Parallel(n_jobs=-1)]: Done 1532 tasks      | elapsed:   13.0s
[Parallel(n_jobs=-1)]: Done 2450 tasks      | elapsed:   24.2s
[Parallel(n_jobs=-1)]: Done 3474 tasks      | elapsed:   36.8s
[Parallel(n_jobs=-1)]: Done 4328 tasks      | elapsed:   50.7s
[Parallel(n_jobs=-1)]: Done 5384 tasks      | elapsed:  1.2min
[Parallel(n_jobs=-1)]: Done 6723 tasks      | elapsed:  1.7min
[Parallel(n_jobs=-1)]: Done 8144 tasks      | elapsed:  2.2min
[Parallel(n_jobs=-1)]: Done 9827 tasks      | elapsed:  3.2min
[Parallel(n_jobs=-1)]: Done 11181 tasks      | elapsed:  4.6min
[Parallel(n_jobs=-1)]: Done 12626 tasks      | elapsed:  7.9min
[Parallel(n_jobs=-1)]: Done 13976 tasks      | elapsed: 13.7min
[Parallel(n_jobs=-1)]: Done 15618 tasks      | elapsed: 23.6min
[Parallel(n_jobs=-1)]: Done 17168 tasks      | elapsed: 31.8min
[Parallel(n_jobs=-1)]: Done 19010 tasks      | elapsed: 34.7min
[Parallel(n_jobs=-1)]: Done 20760 tasks      | elapsed: 36.0min
[Parallel(n_jobs=-1)]: Done 23498 tasks      | elapsed: 37.0min
[Parallel(n_jobs=-1)]: Done 26485 tasks      | elapsed: 38.2min
[Parallel(n_jobs=-1)]: Done 29681 tasks      | elapsed: 39.4min
[Parallel(n_jobs=-1)]: Done 31680 out of 31680 | elapsed: 40.3min finished
