[Parallel(n_jobs=-1)]: Using backend LokyBackend with 24 concurrent workers.
[Parallel(n_jobs=-1)]: Done   2 tasks      | elapsed:    1.5s
[Parallel(n_jobs=-1)]: Done 120 out of 120 | elapsed:    1.7s finished
[Parallel(n_jobs=-1)]: Using backend LokyBackend with 24 concurrent workers.
[Parallel(n_jobs=-1)]: Done   2 tasks      | elapsed:    0.0s
[Parallel(n_jobs=-1)]: Done 400 tasks      | elapsed:    1.3s
[Parallel(n_jobs=-1)]: Done 1245 tasks      | elapsed:   10.3s
[Parallel(n_jobs=-1)]: Done 2192 tasks      | elapsed:   17.0s
[Parallel(n_jobs=-1)]: Done 2831 tasks      | elapsed:   24.6s
[Parallel(n_jobs=-1)]: Done 4131 tasks      | elapsed:   36.5s
[Parallel(n_jobs=-1)]: Done 5552 tasks      | elapsed:   49.0s
[Parallel(n_jobs=-1)]: Done 7376 tasks      | elapsed:  1.1min
[Parallel(n_jobs=-1)]: Done 8895 tasks      | elapsed:  1.4min
[Parallel(n_jobs=-1)]: Done 10328 tasks      | elapsed:  2.0min
[Parallel(n_jobs=-1)]: Done 11642 tasks      | elapsed:  2.9min
[Parallel(n_jobs=-1)]: Done 12984 tasks      | elapsed:  4.9min
[Parallel(n_jobs=-1)]: Done 14426 tasks      | elapsed:  8.8min
[Parallel(n_jobs=-1)]: Done 15872 tasks      | elapsed: 13.5min
[Parallel(n_jobs=-1)]: Done 17658 tasks      | elapsed: 16.9min
[Parallel(n_jobs=-1)]: Done 19544 tasks      | elapsed: 18.7min
[Parallel(n_jobs=-1)]: Done 21938 tasks      | elapsed: 19.8min
[Parallel(n_jobs=-1)]: Done 24936 tasks      | elapsed: 20.5min
[Parallel(n_jobs=-1)]: Done 29018 tasks      | elapsed: 21.3min
[Parallel(n_jobs=-1)]: Done 31680 out of 31680 | elapsed: 22.3min finished
