[Parallel(n_jobs=-1)]: Using backend LokyBackend with 24 concurrent workers.
[Parallel(n_jobs=-1)]: Done   2 tasks      | elapsed:    2.7s
[Parallel(n_jobs=-1)]: Done 120 out of 120 | elapsed:    2.9s finished
[Parallel(n_jobs=-1)]: Using backend LokyBackend with 24 concurrent workers.
[Parallel(n_jobs=-1)]: Done   2 tasks      | elapsed:    0.1s
[Parallel(n_jobs=-1)]: Done 368 tasks      | elapsed:    1.1s
[Parallel(n_jobs=-1)]: Done 1098 tasks      | elapsed:    8.0s
[Parallel(n_jobs=-1)]: Done 1520 tasks      | elapsed:   12.0s
[Parallel(n_jobs=-1)]: Done 2594 tasks      | elapsed:   22.6s
[Parallel(n_jobs=-1)]: Done 3912 tasks      | elapsed:   34.4s
[Parallel(n_jobs=-1)]: Done 5258 tasks      | elapsed:   47.7s
[Parallel(n_jobs=-1)]: Done 6746 tasks      | elapsed:  1.0min
[Parallel(n_jobs=-1)]: Done 8355 tasks      | elapsed:  1.3min
[Parallel(n_jobs=-1)]: Done 10070 tasks      | elapsed:  1.9min
[Parallel(n_jobs=-1)]: Done 11378 tasks      | elapsed:  2.7min
[Parallel(n_jobs=-1)]: Done 12720 tasks      | elapsed:  4.8min
[Parallel(n_jobs=-1)]: Done 14066 tasks      | elapsed:  8.3min
[Parallel(n_jobs=-1)]: Done 15608 tasks      | elapsed: 14.2min
[Parallel(n_jobs=-1)]: Done 17290 tasks      | elapsed: 19.0min
[Parallel(n_jobs=-1)]: Done 19064 tasks      | elapsed: 20.6min
[Parallel(n_jobs=-1)]: Done 21309 tasks      | elapsed: 21.5min
[Parallel(n_jobs=-1)]: Done 24885 tasks      | elapsed: 22.3min
[Parallel(n_jobs=-1)]: Done 28970 tasks      | elapsed: 23.1min
[Parallel(n_jobs=-1)]: Done 31680 out of 31680 | elapsed: 24.2min finished
