[Parallel(n_jobs=-1)]: Using backend LokyBackend with 24 concurrent workers.
[Parallel(n_jobs=-1)]: Done   2 tasks      | elapsed:    3.5s
[Parallel(n_jobs=-1)]: Done 120 out of 120 | elapsed:    3.7s finished
[Parallel(n_jobs=-1)]: Using backend LokyBackend with 24 concurrent workers.
[Parallel(n_jobs=-1)]: Done   2 tasks      | elapsed:    0.1s
[Parallel(n_jobs=-1)]: Done 368 tasks      | elapsed:    1.0s
[Parallel(n_jobs=-1)]: Done 1218 tasks      | elapsed:    8.8s
[Parallel(n_jobs=-1)]: Done 2096 tasks      | elapsed:   14.4s
[Parallel(n_jobs=-1)]: Done 3008 tasks      | elapsed:   22.6s
[Parallel(n_jobs=-1)]: Done 4082 tasks      | elapsed:   33.3s
[Parallel(n_jobs=-1)]: Done 5744 tasks      | elapsed:   46.1s
[Parallel(n_jobs=-1)]: Done 7523 tasks      | elapsed:  1.1min
[Parallel(n_jobs=-1)]: Done 8940 tasks      | elapsed:  1.3min
[Parallel(n_jobs=-1)]: Done 10367 tasks      | elapsed:  1.9min
[Parallel(n_jobs=-1)]: Done 11762 tasks      | elapsed:  3.0min
[Parallel(n_jobs=-1)]: Done 12912 tasks      | elapsed:  4.4min
[Parallel(n_jobs=-1)]: Done 14354 tasks      | elapsed:  8.0min
[Parallel(n_jobs=-1)]: Done 15704 tasks      | elapsed: 12.4min
[Parallel(n_jobs=-1)]: Done 17574 tasks      | elapsed: 16.3min
[Parallel(n_jobs=-1)]: Done 19232 tasks      | elapsed: 17.9min
[Parallel(n_jobs=-1)]: Done 21986 tasks      | elapsed: 19.0min
[Parallel(n_jobs=-1)]: Done 24912 tasks      | elapsed: 19.8min
[Parallel(n_jobs=-1)]: Done 28850 tasks      | elapsed: 20.6min
[Parallel(n_jobs=-1)]: Done 31680 out of 31680 | elapsed: 21.8min finished
