[Parallel(n_jobs=-1)]: Using backend LokyBackend with 24 concurrent workers.
[Parallel(n_jobs=-1)]: Done   2 tasks      | elapsed:    1.0s
[Parallel(n_jobs=-1)]: Done 140 out of 140 | elapsed:    1.2s finished
[Parallel(n_jobs=-1)]: Using backend LokyBackend with 24 concurrent workers.
[Parallel(n_jobs=-1)]: Done   2 tasks      | elapsed:    0.0s
[Parallel(n_jobs=-1)]: Done 400 tasks      | elapsed:    1.1s
[Parallel(n_jobs=-1)]: Done 1427 tasks      | elapsed:   10.2s
[Parallel(n_jobs=-1)]: Done 2515 tasks      | elapsed:   17.2s
[Parallel(n_jobs=-1)]: Done 3098 tasks      | elapsed:   25.8s
[Parallel(n_jobs=-1)]: Done 4407 tasks      | elapsed:   38.5s
[Parallel(n_jobs=-1)]: Done 5382 tasks      | elapsed:   49.4s
[Parallel(n_jobs=-1)]: Done 6323 tasks      | elapsed:  1.2min
[Parallel(n_jobs=-1)]: Done 7746 tasks      | elapsed:  1.8min
[Parallel(n_jobs=-1)]: Done 9248 tasks      | elapsed:  2.7min
[Parallel(n_jobs=-1)]: Done 10634 tasks      | elapsed:  3.7min
[Parallel(n_jobs=-1)]: Done 12120 tasks      | elapsed:  4.9min
[Parallel(n_jobs=-1)]: Done 13850 tasks      | elapsed:  6.7min
[Parallel(n_jobs=-1)]: Done 16361 tasks      | elapsed:  8.4min
[Parallel(n_jobs=-1)]: Done 18280 tasks      | elapsed: 10.3min
[Parallel(n_jobs=-1)]: Done 19832 tasks      | elapsed: 11.8min
[Parallel(n_jobs=-1)]: Done 22530 tasks      | elapsed: 14.0min
[Parallel(n_jobs=-1)]: Done 24768 tasks      | elapsed: 16.6min
[Parallel(n_jobs=-1)]: Done 27026 tasks      | elapsed: 18.3min
[Parallel(n_jobs=-1)]: Done 29312 tasks      | elapsed: 21.2min
[Parallel(n_jobs=-1)]: Done 32250 tasks      | elapsed: 23.6min
[Parallel(n_jobs=-1)]: Done 35024 tasks      | elapsed: 26.1min
[Parallel(n_jobs=-1)]: Done 37826 tasks      | elapsed: 28.7min
[Parallel(n_jobs=-1)]: Done 41280 tasks      | elapsed: 32.2min
[Parallel(n_jobs=-1)]: Done 43120 out of 43120 | elapsed: 34.9min finished
sys:1: DtypeWarning: Columns (0,1,2,3,4,5,6,7,8,9,10,11,12,13,14,15,16,17,18,19,20,21,22,23,24,25,26,27,28) have mixed types.Specify dtype option on import or set low_memory=False.
Traceback (most recent call last):
  File "./run_hepmass.py", line 116, in <module>
    learning_experimenter()
  File "../../../../experiments/local_experiments/RFF_experiments/SYNTHESIZE_TUNE/LearningExperimenter.py", line 79, in __call__
    max_samples=max_smp, print_every=int(max_smp/5))
  File "../../../../experiments/local_experiments/RFF_experiments/SYNTHESIZE_TUNE/LearningExperimenter.py", line 220, in train_for_all_nodes
    sampler=rff_sampler)
  File "../../../../experiments/local_experiments/RFF_experiments/SYNTHESIZE_TUNE/LearningExperimenter.py", line 167, in train_and_get_model
    model.fit(X_train, y)
  File "/home/lran0009/.conda/envs/dlResearch/lib/python3.7/site-packages/sklearn/svm/_classes.py", line 230, in fit
    check_classification_targets(y)
  File "/home/lran0009/.conda/envs/dlResearch/lib/python3.7/site-packages/sklearn/utils/multiclass.py", line 172, in check_classification_targets
    raise ValueError("Unknown label type: %r" % y_type)
ValueError: Unknown label type: 'unknown'
